<?xml version="1.0" encoding="UTF-8"?>
<!-- Generated by org.testng.reporters.JUnitXMLReporter -->
<testsuite ignored="0" hostname="DESKTOP-H79G770" failures="1" tests="2" name="Test1" time="21.384" errors="0" timestamp="2024-10-06T23:34:27 IST">
  <testcase classname="org.testing.DataDriven" name="fburl" time="21.259"/>
  <testcase classname="org.testing.DataDriven" name="fbLogin" time="0.004">
    <failure type="java.lang.NullPointerException" message="Cannot invoke &amp;quot;org.openqa.selenium.WebDriver.findElement(org.openqa.selenium.By)&amp;quot; because &amp;quot;this.driver&amp;quot; is null">
      <![CDATA[java.lang.NullPointerException: Cannot invoke "org.openqa.selenium.WebDriver.findElement(org.openqa.selenium.By)" because "this.driver" is null
at org.testing.DataDriven.fbLogin(DataDriven.java:29)
at java.base/java.util.ArrayList.forEach(ArrayList.java:1511)
... Removed 27 stack frames]]>
    </failure>
  </testcase> <!-- fbLogin -->
</testsuite> <!-- Test1 -->
