<?xml version="1.0" encoding="UTF-8"?>
<testng-results ignored="0" total="1" passed="1" failed="0" skipped="0">
  <reporter-output>
  </reporter-output>
  <suite started-at="2024-11-13T17:27:36 IST" name="Default suite" finished-at="2024-11-13T17:28:54 IST" duration-ms="78572">
    <groups>
    </groups>
    <test started-at="2024-11-13T17:27:36 IST" name="Default test" finished-at="2024-11-13T17:28:54 IST" duration-ms="78572">
      <class name="com.tests.LoginTest">
        <test-method is-config="true" signature="setup()[pri:0, instance:com.tests.LoginTest@2ea41516]" started-at="2024-11-13T17:27:36 IST" name="setup" finished-at="2024-11-13T17:28:45 IST" duration-ms="69649" status="PASS">
          <reporter-output>
          </reporter-output>
        </test-method> <!-- setup -->
        <test-method signature="checkForgotPwd_Exist()[pri:0, instance:com.tests.LoginTest@2ea41516]" started-at="2024-11-13T17:28:45 IST" name="checkForgotPwd_Exist" finished-at="2024-11-13T17:28:47 IST" duration-ms="1093" status="PASS">
          <reporter-output>
          </reporter-output>
        </test-method> <!-- checkForgotPwd_Exist -->
        <test-method is-config="true" signature="tearDown()[pri:0, instance:com.tests.LoginTest@2ea41516]" started-at="2024-11-13T17:28:47 IST" name="tearDown" finished-at="2024-11-13T17:28:54 IST" duration-ms="7757" status="PASS">
          <reporter-output>
          </reporter-output>
        </test-method> <!-- tearDown -->
      </class> <!-- com.tests.LoginTest -->
    </test> <!-- Default test -->
  </suite> <!-- Default suite -->
</testng-results>
